{"numTotalTestSuites":8,"numPassedTestSuites":8,"numFailedTestSuites":0,"numPendingTestSuites":0,"numTotalTests":20,"numPassedTests":20,"numFailedTests":0,"numPendingTests":0,"numTodoTests":0,"snapshot":{"added":0,"failure":false,"filesAdded":0,"filesRemoved":0,"filesRemovedList":[],"filesUnmatched":0,"filesUpdated":0,"matched":0,"total":0,"unchecked":0,"uncheckedKeysByFile":[],"unmatched":0,"updated":0,"didUpdate":false},"startTime":1786945890877,"success":true,"testResults":[{"assertionResults":[{"ancestorTitles":["WorkbenchLayout TASK-WSC-906 (REQ-SHELL-009 / REQ-SHELL-010)"],"fullName":"WorkbenchLayout TASK-WSC-906 (REQ-SHELL-009 / REQ-SHELL-010) 906-nav-my-catalog-submenu: 我的目录在 nav-catalog-submenu 内且序为全链→我的目录→我的数据产品→目录维护","status":"passed","title":"906-nav-my-catalog-submenu: 我的目录在 nav-catalog-submenu 内且序为全链→我的目录→我的数据产品→目录维护","duration":2.612700000000018,"failureMessages":[],"meta":{}},{"ancestorTitles":["WorkbenchLayout TASK-WSC-906 (REQ-SHELL-009 / REQ-SHELL-010)"],"fullName":"WorkbenchLayout TASK-WSC-906 (REQ-SHELL-009 / REQ-SHELL-010) 906-provider-no-maintenance-menu: PROVIDER 无目录维护菜单；有我的目录","status":"passed","title":"906-provider-no-maintenance-menu: PROVIDER 无目录维护菜单；有我的目录","duration":0.7953999999999724,"failureMessages":[],"meta":{}},{"ancestorTitles":["WorkbenchLayout TASK-WSC-906 (REQ-SHELL-009 / REQ-SHELL-010)"],"fullName":"WorkbenchLayout TASK-WSC-906 (REQ-SHELL-009 / REQ-SHELL-010) §4.1 三角色菜单正例+负例：ADMIN 双入口；PROVIDER 无维护；USER 仅全链","status":"passed","title":"§4.1 三角色菜单正例+负例：ADMIN 双入口；PROVIDER 无维护；USER 仅全链","duration":2.91680000000008,"failureMessages":[],"meta":{}},{"ancestorTitles":["WorkbenchLayout TASK-WSC-906 (REQ-SHELL-009 / REQ-SHELL-010)"],"fullName":"WorkbenchLayout TASK-WSC-906 (REQ-SHELL-009 / REQ-SHELL-010) USER 负例：菜单不可见 + 深链结构不可达（含 /my-catalog）","status":"passed","title":"USER 负例：菜单不可见 + 深链结构不可达（含 /my-catalog）","duration":0.34699999999998,"failureMessages":[],"meta":{}},{"ancestorTitles":["WorkbenchLayout TASK-WSC-906 (REQ-SHELL-009 / REQ-SHELL-010)"],"fullName":"WorkbenchLayout TASK-WSC-906 (REQ-SHELL-009 / REQ-SHELL-010) 四 surface：侧栏 active 与 meta.title / 页头可区分","status":"passed","title":"四 surface：侧栏 active 与 meta.title / 页头可区分","duration":0.2802000000000362,"failureMessages":[],"meta":{}},{"ancestorTitles":["WorkbenchLayout TASK-WSC-906 (REQ-SHELL-009 / REQ-SHELL-010)"],"fullName":"WorkbenchLayout TASK-WSC-906 (REQ-SHELL-009 / REQ-SHELL-010) 统一路由 /my-catalog；void 前 /my-maintenance 重定向且非权威路径","status":"passed","title":"统一路由 /my-catalog；void 前 /my-maintenance 重定向且非权威路径","duration":0.28899999999998727,"failureMessages":[],"meta":{}},{"ancestorTitles":["WorkbenchLayout TASK-WSC-906 (REQ-SHELL-009 / REQ-SHELL-010)"],"fullName":"WorkbenchLayout TASK-WSC-906 (REQ-SHELL-009 / REQ-SHELL-010) 可收起组非回归：aria-expanded / aria-controls / sessionStorage / chevron","status":"passed","title":"可收起组非回归：aria-expanded / aria-controls / sessionStorage / chevron","duration":0.6562999999999874,"failureMessages":[],"meta":{}},{"ancestorTitles":["WorkbenchLayout TASK-WSC-906 (REQ-SHELL-009 / REQ-SHELL-010)"],"fullName":"WorkbenchLayout TASK-WSC-906 (REQ-SHELL-009 / REQ-SHELL-010) 侧栏企业信息区只读（P1）：名称/标识；无切换/编辑；无企业管理页","status":"passed","title":"侧栏企业信息区只读（P1）：名称/标识；无切换/编辑；无企业管理页","duration":0.9866000000000668,"failureMessages":[],"meta":{}}],"startTime":1786945891702,"endTime":1786945891710.9866,"status":"passed","message":"","name":"C:/WorkSpace/AI-SEP/frontend/src/layouts/WorkbenchLayout.spec.ts"},{"assertionResults":[{"ancestorTitles":["deepLinkAccess §4.1 (TASK-WSC-906)"],"fullName":"deepLinkAccess §4.1 (TASK-WSC-906) ADMIN can enter dual catalog entries, my-products, and users","status":"passed","title":"ADMIN can enter dual catalog entries, my-products, and users","duration":2.250599999999963,"failureMessages":[],"meta":{}},{"ancestorTitles":["deepLinkAccess §4.1 (TASK-WSC-906)"],"fullName":"deepLinkAccess §4.1 (TASK-WSC-906) PROVIDER can enter my-catalog and my-products; maintenance and users denied","status":"passed","title":"PROVIDER can enter my-catalog and my-products; maintenance and users denied","duration":0.5837999999999965,"failureMessages":[],"meta":{}},{"ancestorTitles":["deepLinkAccess §4.1 (TASK-WSC-906)"],"fullName":"deepLinkAccess §4.1 (TASK-WSC-906) USER: 菜单外深链结构不可达 — maintenance / my-catalog / my-products / admin/users","status":"passed","title":"USER: 菜单外深链结构不可达 — maintenance / my-catalog / my-products / admin/users","duration":0.36019999999996344,"failureMessages":[],"meta":{}}],"startTime":1786945891704,"endTime":1786945891707.5837,"status":"passed","message":"","name":"C:/WorkSpace/AI-SEP/frontend/src/features/shell/deepLinkAccess.spec.ts"},{"assertionResults":[{"ancestorTitles":["navSurfaces four-surface active (TASK-WSC-906)"],"fullName":"navSurfaces four-surface active (TASK-WSC-906) resolves four catalog surfaces without overlap","status":"passed","title":"resolves four catalog surfaces without overlap","duration":3.2497999999999365,"failureMessages":[],"meta":{}},{"ancestorTitles":["navSurfaces four-surface active (TASK-WSC-906)"],"fullName":"navSurfaces four-surface active (TASK-WSC-906) sidebar active is exclusive across /catalog /my-catalog /my-products /catalog/maintenance","status":"passed","title":"sidebar active is exclusive across /catalog /my-catalog /my-products /catalog/maintenance","duration":1.4218999999999369,"failureMessages":[],"meta":{}},{"ancestorTitles":["navSurfaces four-surface active (TASK-WSC-906)"],"fullName":"navSurfaces four-surface active (TASK-WSC-906) catalog group stays active when collapsed child route is current","status":"passed","title":"catalog group stays active when collapsed child route is current","duration":0.46220000000005257,"failureMessages":[],"meta":{}},{"ancestorTitles":["navSurfaces four-surface active (TASK-WSC-906)"],"fullName":"navSurfaces four-surface active (TASK-WSC-906) from=mine does not light 全链 or 目录维护","status":"passed","title":"from=mine does not light 全链 or 目录维护","duration":0.2807999999999993,"failureMessages":[],"meta":{}}],"startTime":1786945891580,"endTime":1786945891586.2808,"status":"passed","message":"","name":"C:/WorkSpace/AI-SEP/frontend/src/features/shell/navSurfaces.spec.ts"},{"assertionResults":[{"ancestorTitles":["useCanWrite / RBAC UI visibility (2.3.3 / PLAN-WSC-8.3 §3.1)"],"fullName":"useCanWrite / RBAC UI visibility (2.3.3 / PLAN-WSC-8.3 §3.1) ADMIN: category/maintenance/users + myCatalog/myProducts + product write/import true","status":"passed","title":"ADMIN: category/maintenance/users + myCatalog/myProducts + product write/import true","duration":1.3935000000000173,"failureMessages":[],"meta":{}},{"ancestorTitles":["useCanWrite / RBAC UI visibility (2.3.3 / PLAN-WSC-8.3 §3.1)"],"fullName":"useCanWrite / RBAC UI visibility (2.3.3 / PLAN-WSC-8.3 §3.1) PROVIDER: my-catalog/my-products write/import; no catalog maintenance/category/users","status":"passed","title":"PROVIDER: my-catalog/my-products write/import; no catalog maintenance/category/users","duration":0.33979999999996835,"failureMessages":[],"meta":{}},{"ancestorTitles":["useCanWrite / RBAC UI visibility (2.3.3 / PLAN-WSC-8.3 §3.1)"],"fullName":"useCanWrite / RBAC UI visibility (2.3.3 / PLAN-WSC-8.3 §3.1) USER hides all write entries and my-catalog/my-products","status":"passed","title":"USER hides all write entries and my-catalog/my-products","duration":0.24680000000000746,"failureMessages":[],"meta":{}},{"ancestorTitles":["useCanWrite / RBAC UI visibility (2.3.3 / PLAN-WSC-8.3 §3.1)"],"fullName":"useCanWrite / RBAC UI visibility (2.3.3 / PLAN-WSC-8.3 §3.1) useCanWrite computed mirrors §3.1 matrix cells for all roles","status":"passed","title":"useCanWrite computed mirrors §3.1 matrix cells for all roles","duration":1.345199999999977,"failureMessages":[],"meta":{}},{"ancestorTitles":["useCanWrite / RBAC UI visibility (2.3.3 / PLAN-WSC-8.3 §3.1)"],"fullName":"useCanWrite / RBAC UI visibility (2.3.3 / PLAN-WSC-8.3 §3.1) null/undefined role hides gated surfaces","status":"passed","title":"null/undefined role hides gated surfaces","duration":0.13439999999991414,"failureMessages":[],"meta":{}}],"startTime":1786945891706,"endTime":1786945891709.3452,"status":"passed","message":"","name":"C:/WorkSpace/AI-SEP/frontend/src/features/auth/composables/useCanWrite.spec.ts"}]}