{"numTotalTestSuites":4,"numPassedTestSuites":4,"numFailedTestSuites":0,"numPendingTestSuites":0,"numTotalTests":16,"numPassedTests":16,"numFailedTests":0,"numPendingTests":0,"numTodoTests":0,"snapshot":{"added":0,"failure":false,"filesAdded":0,"filesRemoved":0,"filesRemovedList":[],"filesUnmatched":0,"filesUpdated":0,"matched":0,"total":0,"unchecked":0,"uncheckedKeysByFile":[],"unmatched":0,"updated":0,"didUpdate":false},"startTime":1786958398007,"success":true,"testResults":[{"assertionResults":[{"ancestorTitles":["CatalogMaintenance UX regression (REQ-CAT-013 / REQ-CAT-017)"],"fullName":"CatalogMaintenance UX regression (REQ-CAT-013 / REQ-CAT-017) 907-my-catalog-scope-split: dual entry routes keep 906 meta titles and wire maintenance page","status":"passed","title":"907-my-catalog-scope-split: dual entry routes keep 906 meta titles and wire maintenance page","duration":2.4388999999999896,"failureMessages":[],"meta":{}},{"ancestorTitles":["CatalogMaintenance UX regression (REQ-CAT-013 / REQ-CAT-017)"],"fullName":"CatalogMaintenance UX regression (REQ-CAT-013 / REQ-CAT-017) FIND-WSC-907-001: page passes reactive scope and re-runs guard on props.scope","status":"passed","title":"FIND-WSC-907-001: page passes reactive scope and re-runs guard on props.scope","duration":0.4938999999999396,"failureMessages":[],"meta":{}},{"ancestorTitles":["CatalogMaintenance UX regression (REQ-CAT-013 / REQ-CAT-017)"],"fullName":"CatalogMaintenance UX regression (REQ-CAT-013 / REQ-CAT-017) Pagination / Cascader / 本页全选 / 统一维护；筛 Tab 清选择；无跨页全选","status":"passed","title":"Pagination / Cascader / 本页全选 / 统一维护；筛 Tab 清选择；无跨页全选","duration":0.37400000000002365,"failureMessages":[],"meta":{}},{"ancestorTitles":["CatalogMaintenance UX regression (REQ-CAT-013 / REQ-CAT-017)"],"fullName":"CatalogMaintenance UX regression (REQ-CAT-013 / REQ-CAT-017) 910-page-size-changer: Pagination shows size changer 10/20/50/100; change and showSizeChange share applyPagination","status":"passed","title":"910-page-size-changer: Pagination shows size changer 10/20/50/100; change and showSizeChange share applyPagination","duration":0.26490000000001146,"failureMessages":[],"meta":{}}],"startTime":1786958398917,"endTime":1786958398921.265,"status":"passed","message":"","name":"C:/WorkSpace/AI-SEP/frontend/src/features/catalog/maintenance/components/CatalogMaintenanceUx.spec.ts"},{"assertionResults":[{"ancestorTitles":["useCatalogMaintenance"],"fullName":"useCatalogMaintenance loads list with page/pageSize/total and status tabs","status":"passed","title":"loads list with page/pageSize/total and status tabs","duration":8.858600000000024,"failureMessages":[],"meta":{}},{"ancestorTitles":["useCatalogMaintenance"],"fullName":"useCatalogMaintenance 907-my-catalog-scope-split: full vs myCatalog list query","status":"passed","title":"907-my-catalog-scope-split: full vs myCatalog list query","duration":1.6205999999999676,"failureMessages":[],"meta":{}},{"ancestorTitles":["useCatalogMaintenance"],"fullName":"useCatalogMaintenance 907-my-catalog-scope-split: same instance full → myCatalog list and write URLs","status":"passed","title":"907-my-catalog-scope-split: same instance full → myCatalog list and write URLs","duration":63.63850000000002,"failureMessages":[],"meta":{}},{"ancestorTitles":["useCatalogMaintenance"],"fullName":"useCatalogMaintenance Cascader path: L1 only / L1+L2 / L3 / clear","status":"passed","title":"Cascader path: L1 only / L1+L2 / L3 / clear","duration":1.3897000000001754,"failureMessages":[],"meta":{}},{"ancestorTitles":["useCatalogMaintenance"],"fullName":"useCatalogMaintenance 本页全选 / 取消；筛/Tab/翻页清选择","status":"passed","title":"本页全选 / 取消；筛/Tab/翻页清选择","duration":1.1289000000001579,"failureMessages":[],"meta":{}},{"ancestorTitles":["useCatalogMaintenance"],"fullName":"useCatalogMaintenance 910-page-size-changer: setPageSize 20/50/100 queries page=1 and clears selection","status":"passed","title":"910-page-size-changer: setPageSize 20/50/100 queries page=1 and clears selection","duration":1.3624999999999545,"failureMessages":[],"meta":{}},{"ancestorTitles":["useCatalogMaintenance"],"fullName":"useCatalogMaintenance 910-page-size-changer: antdv dual emit from page>1 keeps page=1","status":"passed","title":"910-page-size-changer: antdv dual emit from page>1 keeps page=1","duration":0.7162000000000717,"failureMessages":[],"meta":{}},{"ancestorTitles":["useCatalogMaintenance"],"fullName":"useCatalogMaintenance 910-page-size-changer: applyPagination size change on page 1 still reloads; page-only keeps size","status":"passed","title":"910-page-size-changer: applyPagination size change on page 1 still reloads; page-only keeps size","duration":0.539299999999912,"failureMessages":[],"meta":{}},{"ancestorTitles":["useCatalogMaintenance"],"fullName":"useCatalogMaintenance 910-page-size-changer: clampPageSize snaps to 10/20/50/100","status":"passed","title":"910-page-size-changer: clampPageSize snaps to 10/20/50/100","duration":1.3151000000000295,"failureMessages":[],"meta":{}},{"ancestorTitles":["useCatalogMaintenance"],"fullName":"useCatalogMaintenance single save associates l3 then reloads with scope","status":"passed","title":"single save associates l3 then reloads with scope","duration":1.0850000000000364,"failureMessages":[],"meta":{}},{"ancestorTitles":["useCatalogMaintenance"],"fullName":"useCatalogMaintenance 统一维护 uses selected ids and batch l3 with scope","status":"passed","title":"统一维护 uses selected ids and batch l3 with scope","duration":0.9721999999999298,"failureMessages":[],"meta":{}},{"ancestorTitles":["useCatalogMaintenance"],"fullName":"useCatalogMaintenance surfaces ApiError on save failure","status":"passed","title":"surfaces ApiError on save failure","duration":0.40269999999986794,"failureMessages":[],"meta":{}}],"startTime":1786958399165,"endTime":1786958399248.4026,"status":"passed","message":"","name":"C:/WorkSpace/AI-SEP/frontend/src/features/catalog/maintenance/composables/useCatalogMaintenance.spec.ts"}]}