{"numTotalTestSuites":6,"numPassedTestSuites":2,"numFailedTestSuites":4,"numPendingTestSuites":0,"numTotalTests":32,"numPassedTests":30,"numFailedTests":2,"numPendingTests":0,"numTodoTests":0,"snapshot":{"added":0,"failure":false,"filesAdded":0,"filesRemoved":0,"filesRemovedList":[],"filesUnmatched":0,"filesUpdated":0,"matched":0,"total":0,"unchecked":0,"uncheckedKeysByFile":[],"unmatched":0,"updated":0,"didUpdate":false},"startTime":1786945914605,"success":false,"testResults":[{"assertionResults":[{"ancestorTitles":["CatalogBrowsePage (TASK-WSC-603)"],"fullName":"CatalogBrowsePage (TASK-WSC-603) product write/import UI only PROVIDER; catalog mode gates via writeVisible=isMine","status":"failed","title":"product write/import UI only PROVIDER; catalog mode gates via writeVisible=isMine","duration":15.339100000000144,"failureMessages":["AssertionError: expected true to be false // Object.is equality\n    at C:\\WorkSpace\\AI-SEP\\frontend\\src\\features\\catalog\\browse\\CatalogBrowsePage.spec.ts:17:38\n    at file:///C:/WorkSpace/AI-SEP/node_modules/.pnpm/@vitest+runner@2.1.9/node_modules/@vitest/runner/dist/index.js:146:14\n    at file:///C:/WorkSpace/AI-SEP/node_modules/.pnpm/@vitest+runner@2.1.9/node_modules/@vitest/runner/dist/index.js:533:11\n    at runWithTimeout (file:///C:/WorkSpace/AI-SEP/node_modules/.pnpm/@vitest+runner@2.1.9/node_modules/@vitest/runner/dist/index.js:39:7)\n    at runTest (file:///C:/WorkSpace/AI-SEP/node_modules/.pnpm/@vitest+runner@2.1.9/node_modules/@vitest/runner/dist/index.js:1056:17)\n    at processTicksAndRejections (node:internal/process/task_queues:105:5)\n    at runSuite (file:///C:/WorkSpace/AI-SEP/node_modules/.pnpm/@vitest+runner@2.1.9/node_modules/@vitest/runner/dist/index.js:1205:15)\n    at runSuite (file:///C:/WorkSpace/AI-SEP/node_modules/.pnpm/@vitest+runner@2.1.9/node_modules/@vitest/runner/dist/index.js:1205:15)\n    at runFiles (file:///C:/WorkSpace/AI-SEP/node_modules/.pnpm/@vitest+runner@2.1.9/node_modules/@vitest/runner/dist/index.js:1262:5)\n    at startTests (file:///C:/WorkSpace/AI-SEP/node_modules/.pnpm/@vitest+runner@2.1.9/node_modules/@vitest/runner/dist/index.js:1271:3)"],"meta":{}},{"ancestorTitles":["CatalogBrowsePage (TASK-WSC-603)"],"fullName":"CatalogBrowsePage (TASK-WSC-603) preview delete: writeVisible gate + inline confirm strip testids","status":"passed","title":"preview delete: writeVisible gate + inline confirm strip testids","duration":1.674199999999928,"failureMessages":[],"meta":{}},{"ancestorTitles":["CatalogBrowsePage (TASK-WSC-603)"],"fullName":"CatalogBrowsePage (TASK-WSC-603) showSeatMap mount: prop override; mine defaults off; slot testid","status":"passed","title":"showSeatMap mount: prop override; mine defaults off; slot testid","duration":1.9023999999999432,"failureMessages":[],"meta":{}},{"ancestorTitles":["CatalogBrowsePage (TASK-WSC-603)"],"fullName":"CatalogBrowsePage (TASK-WSC-603) dual surface: my-products route + layout nav; admin-users preserved","status":"passed","title":"dual surface: my-products route + layout nav; admin-users preserved","duration":1.1630999999999858,"failureMessages":[],"meta":{}},{"ancestorTitles":["CatalogBrowsePage (TASK-WSC-603)"],"fullName":"CatalogBrowsePage (TASK-WSC-603) FIND-WSC-603-R1-001: passes reactive isMine (not setup snapshot) into useCatalogBrowse","status":"passed","title":"FIND-WSC-603-R1-001: passes reactive isMine (not setup snapshot) into useCatalogBrowse","duration":1.5195000000001073,"failureMessages":[],"meta":{}},{"ancestorTitles":["CatalogBrowsePage (TASK-WSC-603)"],"fullName":"CatalogBrowsePage (TASK-WSC-603) import host closes to /my-products","status":"passed","title":"import host closes to /my-products","duration":0.7226000000000568,"failureMessages":[],"meta":{}},{"ancestorTitles":["CatalogBrowsePage (TASK-WSC-603)"],"fullName":"CatalogBrowsePage (TASK-WSC-603) keeps list sticky head flush: no top padding on list pane","status":"passed","title":"keeps list sticky head flush: no top padding on list pane","duration":0.5727999999999156,"failureMessages":[],"meta":{}},{"ancestorTitles":["CatalogBrowsePage UX scheme A"],"fullName":"CatalogBrowsePage UX scheme A page-header only on mine surface (v-if isMine)","status":"passed","title":"page-header only on mine surface (v-if isMine)","duration":0.6332999999999629,"failureMessages":[],"meta":{}},{"ancestorTitles":["CatalogBrowsePage UX scheme A"],"fullName":"CatalogBrowsePage UX scheme A seat-map scroll collapse: class + handler + hysteresis","status":"passed","title":"seat-map scroll collapse: class + handler + hysteresis","duration":0.9433000000001357,"failureMessages":[],"meta":{}},{"ancestorTitles":["CatalogBrowsePage UX scheme A"],"fullName":"CatalogBrowsePage UX scheme A workspace shell flex pin (no sticky overlap) + list min rows","status":"passed","title":"workspace shell flex pin (no sticky overlap) + list min rows","duration":0.6274999999998272,"failureMessages":[],"meta":{}},{"ancestorTitles":["TASK-WSC-901 browse filter refactor (REQ-CAT-014 / REQ-CAT-019)"],"fullName":"TASK-WSC-901 browse filter refactor (REQ-CAT-014 / REQ-CAT-019) 901-no-nav-cards: removes V1.5 space/industry tag cards from page","status":"passed","title":"901-no-nav-cards: removes V1.5 space/industry tag cards from page","duration":0.3550999999999931,"failureMessages":[],"meta":{}},{"ancestorTitles":["TASK-WSC-901 browse filter refactor (REQ-CAT-014 / REQ-CAT-019)"],"fullName":"TASK-WSC-901 browse filter refactor (REQ-CAT-014 / REQ-CAT-019) 901-no-nav-cards: no advanced filter toggle; filter bar always mounted via BrowseFilterBar","status":"passed","title":"901-no-nav-cards: no advanced filter toggle; filter bar always mounted via BrowseFilterBar","duration":0.2898000000000138,"failureMessages":[],"meta":{}},{"ancestorTitles":["TASK-WSC-901 browse filter refactor (REQ-CAT-014 / REQ-CAT-019)"],"fullName":"TASK-WSC-901 browse filter refactor (REQ-CAT-014 / REQ-CAT-019) 901-no-industryCategory-query: page does not bind industryCategory filter","status":"passed","title":"901-no-industryCategory-query: page does not bind industryCategory filter","duration":0.17200000000002547,"failureMessages":[],"meta":{}},{"ancestorTitles":["TASK-WSC-901 browse filter refactor (REQ-CAT-014 / REQ-CAT-019)"],"fullName":"TASK-WSC-901 browse filter refactor (REQ-CAT-014 / REQ-CAT-019) uses Cascader filter component with token mapping","status":"passed","title":"uses Cascader filter component with token mapping","duration":0.2118000000000393,"failureMessages":[],"meta":{}},{"ancestorTitles":["TASK-WSC-901 browse filter refactor (REQ-CAT-014 / REQ-CAT-019)"],"fullName":"TASK-WSC-901 browse filter refactor (REQ-CAT-014 / REQ-CAT-019) supplierName field is separate from q search (REQ-CAT-012)","status":"passed","title":"supplierName field is separate from q search (REQ-CAT-012)","duration":0.13580000000001746,"failureMessages":[],"meta":{}},{"ancestorTitles":["TASK-WSC-901 browse filter refactor (REQ-CAT-014 / REQ-CAT-019)"],"fullName":"TASK-WSC-901 browse filter refactor (REQ-CAT-014 / REQ-CAT-019) category loading/empty/error affordances in BrowseFilterBar","status":"passed","title":"category loading/empty/error affordances in BrowseFilterBar","duration":0.10449999999991633,"failureMessages":[],"meta":{}}],"startTime":1786945915909,"endTime":1786945915937.1045,"status":"failed","message":"","name":"C:/WorkSpace/AI-SEP/frontend/src/features/catalog/browse/CatalogBrowsePage.spec.ts"},{"assertionResults":[{"ancestorTitles":["useProductImport"],"fullName":"useProductImport classifies four result states without conflating file-level reject","status":"passed","title":"classifies four result states without conflating file-level reject","duration":1.4938999999999396,"failureMessages":[],"meta":{}},{"ancestorTitles":["useProductImport"],"fullName":"useProductImport open then close returns to idle upload and invokes onClosed (browse surface)","status":"passed","title":"open then close returns to idle upload and invokes onClosed (browse surface)","duration":1.5364999999999327,"failureMessages":[],"meta":{}},{"ancestorTitles":["useProductImport"],"fullName":"useProductImport client-side oversize maps to file_rejected (state ④)","status":"passed","title":"client-side oversize maps to file_rejected (state ④)","duration":9.36570000000006,"failureMessages":[],"meta":{}},{"ancestorTitles":["useProductImport"],"fullName":"useProductImport all_success submit shows success title/detail and no report link (态①)","status":"passed","title":"all_success submit shows success title/detail and no report link (态①)","duration":1.8397999999999683,"failureMessages":[],"meta":{}},{"ancestorTitles":["useProductImport"],"fullName":"useProductImport partial success shows both counts and report entry","status":"passed","title":"partial success shows both counts and report entry","duration":1.2360000000001037,"failureMessages":[],"meta":{}},{"ancestorTitles":["useProductImport"],"fullName":"useProductImport all_row_failure (态③) keeps report link and is not file_rejected","status":"passed","title":"all_row_failure (态③) keeps report link and is not file_rejected","duration":0.5687000000000353,"failureMessages":[],"meta":{}},{"ancestorTitles":["useProductImport"],"fullName":"useProductImport legacy template → file_rejected + ERR_IMPORT_TEMPLATE_UNSUPPORTED (态④)","status":"passed","title":"legacy template → file_rejected + ERR_IMPORT_TEMPLATE_UNSUPPORTED (态④)","duration":0.5098000000000411,"failureMessages":[],"meta":{}},{"ancestorTitles":["useProductImport"],"fullName":"useProductImport CSV legacy headers preflight → file_rejected without calling API (BUG-001)","status":"passed","title":"CSV legacy headers preflight → file_rejected without calling API (BUG-001)","duration":0.4250000000001819,"failureMessages":[],"meta":{}},{"ancestorTitles":["useProductImport"],"fullName":"useProductImport mapImportRequestError maps TEMPLATE_UNSUPPORTED distinctly from FORMAT_INVALID","status":"passed","title":"mapImportRequestError maps TEMPLATE_UNSUPPORTED distinctly from FORMAT_INVALID","duration":0.40160000000014406,"failureMessages":[],"meta":{}},{"ancestorTitles":["useProductImport"],"fullName":"useProductImport server FORMAT_INVALID stays file_rejected and does not use TEMPLATE_UNSUPPORTED copy","status":"passed","title":"server FORMAT_INVALID stays file_rejected and does not use TEMPLATE_UNSUPPORTED copy","duration":0.3064999999999145,"failureMessages":[],"meta":{}},{"ancestorTitles":["useProductImport"],"fullName":"useProductImport server file-level reject stays on result as file_rejected","status":"passed","title":"server file-level reject stays on result as file_rejected","duration":0.42219999999997526,"failureMessages":[],"meta":{}},{"ancestorTitles":["useProductImport"],"fullName":"useProductImport template columns cover v0729 ImportTemplateColumns (no product code column)","status":"passed","title":"template columns cover v0729 ImportTemplateColumns (no product code column)","duration":1.036100000000033,"failureMessages":[],"meta":{}},{"ancestorTitles":["useProductImport"],"fullName":"useProductImport buildErrorReportCsv serializes whitelist fields for download (FIND-002)","status":"passed","title":"buildErrorReportCsv serializes whitelist fields for download (FIND-002)","duration":0.45839999999998327,"failureMessages":[],"meta":{}},{"ancestorTitles":["useProductImport"],"fullName":"useProductImport §3.5 whitelist: forbidden fields never appear in result UI / report CSV","status":"passed","title":"§3.5 whitelist: forbidden fields never appear in result UI / report CSV","duration":1.4266999999999825,"failureMessages":[],"meta":{}},{"ancestorTitles":["useProductImport"],"fullName":"useProductImport downloadErrorReport fetches via getImportErrorReport and returns CSV payload","status":"passed","title":"downloadErrorReport fetches via getImportErrorReport and returns CSV payload","duration":1.5977000000000317,"failureMessages":[],"meta":{}},{"ancestorTitles":["useProductImport"],"fullName":"useProductImport 权限隐藏：仅 PROVIDER 可挂载弹层；ADMIN/USER 结构不可达（V1.4）","status":"failed","title":"权限隐藏：仅 PROVIDER 可挂载弹层；ADMIN/USER 结构不可达（V1.4）","duration":8.614000000000033,"failureMessages":["AssertionError: expected true to be false // Object.is equality\n    at C:\\WorkSpace\\AI-SEP\\frontend\\src\\features\\catalog\\import\\composables\\useProductImport.spec.ts:391:39\n    at file:///C:/WorkSpace/AI-SEP/node_modules/.pnpm/@vitest+runner@2.1.9/node_modules/@vitest/runner/dist/index.js:146:14\n    at file:///C:/WorkSpace/AI-SEP/node_modules/.pnpm/@vitest+runner@2.1.9/node_modules/@vitest/runner/dist/index.js:533:11\n    at runWithTimeout (file:///C:/WorkSpace/AI-SEP/node_modules/.pnpm/@vitest+runner@2.1.9/node_modules/@vitest/runner/dist/index.js:39:7)\n    at runTest (file:///C:/WorkSpace/AI-SEP/node_modules/.pnpm/@vitest+runner@2.1.9/node_modules/@vitest/runner/dist/index.js:1056:17)\n    at processTicksAndRejections (node:internal/process/task_queues:105:5)\n    at runSuite (file:///C:/WorkSpace/AI-SEP/node_modules/.pnpm/@vitest+runner@2.1.9/node_modules/@vitest/runner/dist/index.js:1205:15)\n    at runSuite (file:///C:/WorkSpace/AI-SEP/node_modules/.pnpm/@vitest+runner@2.1.9/node_modules/@vitest/runner/dist/index.js:1205:15)\n    at runFiles (file:///C:/WorkSpace/AI-SEP/node_modules/.pnpm/@vitest+runner@2.1.9/node_modules/@vitest/runner/dist/index.js:1262:5)\n    at startTests (file:///C:/WorkSpace/AI-SEP/node_modules/.pnpm/@vitest+runner@2.1.9/node_modules/@vitest/runner/dist/index.js:1271:3)"],"meta":{}}],"startTime":1786945915920,"endTime":1786945915951.614,"status":"failed","message":"","name":"C:/WorkSpace/AI-SEP/frontend/src/features/catalog/import/composables/useProductImport.spec.ts"}]}