{"numTotalTestSuites":14,"numPassedTestSuites":14,"numFailedTestSuites":0,"numPendingTestSuites":0,"numTotalTests":23,"numPassedTests":23,"numFailedTests":0,"numPendingTests":0,"numTodoTests":0,"snapshot":{"added":0,"failure":false,"filesAdded":0,"filesRemoved":0,"filesRemovedList":[],"filesUnmatched":0,"filesUpdated":0,"matched":0,"total":0,"unchecked":0,"uncheckedKeysByFile":[],"unmatched":0,"updated":0,"didUpdate":false},"startTime":1786948699512,"success":true,"testResults":[{"assertionResults":[{"ancestorTitles":["WorkbenchLayout TASK-WSC-906 (REQ-SHELL-009 / REQ-SHELL-010)"],"fullName":"WorkbenchLayout TASK-WSC-906 (REQ-SHELL-009 / REQ-SHELL-010) 906-nav-my-catalog-submenu: 我的目录在 nav-catalog-submenu 内且序为全链→我的目录→我的数据产品→目录维护","status":"passed","title":"906-nav-my-catalog-submenu: 我的目录在 nav-catalog-submenu 内且序为全链→我的目录→我的数据产品→目录维护","duration":3.7899999999999636,"failureMessages":[],"meta":{}},{"ancestorTitles":["WorkbenchLayout TASK-WSC-906 (REQ-SHELL-009 / REQ-SHELL-010)"],"fullName":"WorkbenchLayout TASK-WSC-906 (REQ-SHELL-009 / REQ-SHELL-010) 906-provider-no-maintenance-menu: PROVIDER 无目录维护菜单；有我的目录","status":"passed","title":"906-provider-no-maintenance-menu: PROVIDER 无目录维护菜单；有我的目录","duration":7.347100000000182,"failureMessages":[],"meta":{}},{"ancestorTitles":["WorkbenchLayout TASK-WSC-906 (REQ-SHELL-009 / REQ-SHELL-010)"],"fullName":"WorkbenchLayout TASK-WSC-906 (REQ-SHELL-009 / REQ-SHELL-010) §4.1 三角色菜单正例+负例：ADMIN 双入口；PROVIDER 无维护；USER 仅全链","status":"passed","title":"§4.1 三角色菜单正例+负例：ADMIN 双入口；PROVIDER 无维护；USER 仅全链","duration":1.62929999999983,"failureMessages":[],"meta":{}},{"ancestorTitles":["WorkbenchLayout TASK-WSC-906 (REQ-SHELL-009 / REQ-SHELL-010)"],"fullName":"WorkbenchLayout TASK-WSC-906 (REQ-SHELL-009 / REQ-SHELL-010) USER 负例：菜单不可见 + 深链结构不可达（含 /my-catalog）","status":"passed","title":"USER 负例：菜单不可见 + 深链结构不可达（含 /my-catalog）","duration":1.0260999999998148,"failureMessages":[],"meta":{}},{"ancestorTitles":["WorkbenchLayout TASK-WSC-906 (REQ-SHELL-009 / REQ-SHELL-010)"],"fullName":"WorkbenchLayout TASK-WSC-906 (REQ-SHELL-009 / REQ-SHELL-010) 四 surface：侧栏 active 与 meta.title / 页头可区分","status":"passed","title":"四 surface：侧栏 active 与 meta.title / 页头可区分","duration":0.8756000000000768,"failureMessages":[],"meta":{}},{"ancestorTitles":["WorkbenchLayout TASK-WSC-906 (REQ-SHELL-009 / REQ-SHELL-010)"],"fullName":"WorkbenchLayout TASK-WSC-906 (REQ-SHELL-009 / REQ-SHELL-010) 统一路由 /my-catalog；void 前 /my-maintenance 重定向且非权威路径","status":"passed","title":"统一路由 /my-catalog；void 前 /my-maintenance 重定向且非权威路径","duration":0.8588999999999487,"failureMessages":[],"meta":{}},{"ancestorTitles":["WorkbenchLayout TASK-WSC-906 (REQ-SHELL-009 / REQ-SHELL-010)"],"fullName":"WorkbenchLayout TASK-WSC-906 (REQ-SHELL-009 / REQ-SHELL-010) 可收起组非回归：aria-expanded / aria-controls / sessionStorage / chevron","status":"passed","title":"可收起组非回归：aria-expanded / aria-controls / sessionStorage / chevron","duration":0.4653000000000702,"failureMessages":[],"meta":{}},{"ancestorTitles":["WorkbenchLayout TASK-WSC-906 (REQ-SHELL-009 / REQ-SHELL-010)"],"fullName":"WorkbenchLayout TASK-WSC-906 (REQ-SHELL-009 / REQ-SHELL-010) 侧栏企业信息区只读（P1）：名称/标识；无切换/编辑；无企业管理页","status":"passed","title":"侧栏企业信息区只读（P1）：名称/标识；无切换/编辑；无企业管理页","duration":0.7953999999999724,"failureMessages":[],"meta":{}}],"startTime":1786948701044,"endTime":1786948701061.7954,"status":"passed","message":"","name":"C:/WorkSpace/AI-SEP/frontend/src/layouts/WorkbenchLayout.spec.ts"},{"assertionResults":[{"ancestorTitles":["CatalogProductDetail industry regression (REQ-CAT-019)"],"fullName":"CatalogProductDetail industry regression (REQ-CAT-019) 907-industry-category-regression: detail still displays industryCategory from INDUSTRY_CATEGORY_OPTIONS enum","status":"passed","title":"907-industry-category-regression: detail still displays industryCategory from INDUSTRY_CATEGORY_OPTIONS enum","duration":3.467200000000048,"failureMessages":[],"meta":{}}],"startTime":1786948700978,"endTime":1786948700981.4673,"status":"passed","message":"","name":"C:/WorkSpace/AI-SEP/frontend/src/features/catalog/detail/CatalogProductDetail.spec.ts"},{"assertionResults":[{"ancestorTitles":["IndustryCategoryField regression (REQ-CAT-019)"],"fullName":"IndustryCategoryField regression (REQ-CAT-019) 907-industry-category-regression: editor still binds INDUSTRY_CATEGORY_OPTIONS and submits industryCategory","status":"passed","title":"907-industry-category-regression: editor still binds INDUSTRY_CATEGORY_OPTIONS and submits industryCategory","duration":3.5731000000000677,"failureMessages":[],"meta":{}}],"startTime":1786948700980,"endTime":1786948700983.573,"status":"passed","message":"","name":"C:/WorkSpace/AI-SEP/frontend/src/features/catalog/editor/components/IndustryCategoryField.spec.ts"},{"assertionResults":[{"ancestorTitles":["ImportFieldMapping industry regression (REQ-CAT-019)"],"fullName":"ImportFieldMapping industry regression (REQ-CAT-019) 907-industry-category-regression: import template maps 行业分类 and reuses INDUSTRY_CATEGORY_OPTIONS","status":"passed","title":"907-industry-category-regression: import template maps 行业分类 and reuses INDUSTRY_CATEGORY_OPTIONS","duration":3.213799999999992,"failureMessages":[],"meta":{}}],"startTime":1786948700998,"endTime":1786948701001.2139,"status":"passed","message":"","name":"C:/WorkSpace/AI-SEP/frontend/src/features/catalog/import/components/ImportFieldMapping.spec.ts"},{"assertionResults":[{"ancestorTitles":["useCatalogMaintenance"],"fullName":"useCatalogMaintenance loads list with page/pageSize/total and status tabs","status":"passed","title":"loads list with page/pageSize/total and status tabs","duration":11.387500000000045,"failureMessages":[],"meta":{}},{"ancestorTitles":["useCatalogMaintenance"],"fullName":"useCatalogMaintenance 907-my-catalog-scope-split: full vs myCatalog list query","status":"passed","title":"907-my-catalog-scope-split: full vs myCatalog list query","duration":2.542899999999918,"failureMessages":[],"meta":{}},{"ancestorTitles":["useCatalogMaintenance"],"fullName":"useCatalogMaintenance 907-my-catalog-scope-split: same instance full → myCatalog list and write URLs","status":"passed","title":"907-my-catalog-scope-split: same instance full → myCatalog list and write URLs","duration":68.49620000000004,"failureMessages":[],"meta":{}},{"ancestorTitles":["useCatalogMaintenance"],"fullName":"useCatalogMaintenance Cascader path: L1 only / L1+L2 / L3 / clear","status":"passed","title":"Cascader path: L1 only / L1+L2 / L3 / clear","duration":1.7391000000000076,"failureMessages":[],"meta":{}},{"ancestorTitles":["useCatalogMaintenance"],"fullName":"useCatalogMaintenance 本页全选 / 取消；筛/Tab/翻页清选择","status":"passed","title":"本页全选 / 取消；筛/Tab/翻页清选择","duration":1.1885999999999513,"failureMessages":[],"meta":{}},{"ancestorTitles":["useCatalogMaintenance"],"fullName":"useCatalogMaintenance single save associates l3 then reloads with scope","status":"passed","title":"single save associates l3 then reloads with scope","duration":0.6172999999998865,"failureMessages":[],"meta":{}},{"ancestorTitles":["useCatalogMaintenance"],"fullName":"useCatalogMaintenance 统一维护 uses selected ids and batch l3 with scope","status":"passed","title":"统一维护 uses selected ids and batch l3 with scope","duration":0.7971000000000004,"failureMessages":[],"meta":{}},{"ancestorTitles":["useCatalogMaintenance"],"fullName":"useCatalogMaintenance surfaces ApiError on save failure","status":"passed","title":"surfaces ApiError on save failure","duration":0.5745999999999185,"failureMessages":[],"meta":{}}],"startTime":1786948701161,"endTime":1786948701249.5747,"status":"passed","message":"","name":"C:/WorkSpace/AI-SEP/frontend/src/features/catalog/maintenance/composables/useCatalogMaintenance.spec.ts"},{"assertionResults":[{"ancestorTitles":["CatalogMaintenance UX regression (REQ-CAT-013 / REQ-CAT-017)"],"fullName":"CatalogMaintenance UX regression (REQ-CAT-013 / REQ-CAT-017) 907-my-catalog-scope-split: dual entry routes keep 906 meta titles and wire maintenance page","status":"passed","title":"907-my-catalog-scope-split: dual entry routes keep 906 meta titles and wire maintenance page","duration":8.175600000000031,"failureMessages":[],"meta":{}},{"ancestorTitles":["CatalogMaintenance UX regression (REQ-CAT-013 / REQ-CAT-017)"],"fullName":"CatalogMaintenance UX regression (REQ-CAT-013 / REQ-CAT-017) FIND-WSC-907-001: page passes reactive scope and re-runs guard on props.scope","status":"passed","title":"FIND-WSC-907-001: page passes reactive scope and re-runs guard on props.scope","duration":1.4875999999999294,"failureMessages":[],"meta":{}},{"ancestorTitles":["CatalogMaintenance UX regression (REQ-CAT-013 / REQ-CAT-017)"],"fullName":"CatalogMaintenance UX regression (REQ-CAT-013 / REQ-CAT-017) Pagination / Cascader / 本页全选 / 统一维护；筛 Tab 清选择；无跨页全选","status":"passed","title":"Pagination / Cascader / 本页全选 / 统一维护；筛 Tab 清选择；无跨页全选","duration":1.1163000000001375,"failureMessages":[],"meta":{}}],"startTime":1786948700772,"endTime":1786948700783.1162,"status":"passed","message":"","name":"C:/WorkSpace/AI-SEP/frontend/src/features/catalog/maintenance/components/CatalogMaintenanceUx.spec.ts"},{"assertionResults":[{"ancestorTitles":["MaintenanceCategoryCascader (REQ-CAT-013)"],"fullName":"MaintenanceCategoryCascader (REQ-CAT-013) uses Ant Cascader with token mapping, allow-clear and optional change-on-select","status":"passed","title":"uses Ant Cascader with token mapping, allow-clear and optional change-on-select","duration":2.8296000000000276,"failureMessages":[],"meta":{}}],"startTime":1786948700854,"endTime":1786948700856.8296,"status":"passed","message":"","name":"C:/WorkSpace/AI-SEP/frontend/src/features/catalog/maintenance/components/MaintenanceCategoryCascader.spec.ts"}]}