{"numTotalTestSuites":13,"numPassedTestSuites":13,"numFailedTestSuites":0,"numPendingTestSuites":0,"numTotalTests":49,"numPassedTests":49,"numFailedTests":0,"numPendingTests":0,"numTodoTests":0,"snapshot":{"added":0,"failure":false,"filesAdded":0,"filesRemoved":0,"filesRemovedList":[],"filesUnmatched":0,"filesUpdated":0,"matched":0,"total":0,"unchecked":0,"uncheckedKeysByFile":[],"unmatched":0,"updated":0,"didUpdate":false},"startTime":1786955233419,"success":true,"testResults":[{"assertionResults":[{"ancestorTitles":["catalog browse helpers (REQ-CAT-001..003 / TASK-WSC-104)"],"fullName":"catalog browse helpers (REQ-CAT-001..003 / TASK-WSC-104) empty message is explicit and stable (testid catalog-empty)","status":"passed","title":"empty message is explicit and stable (testid catalog-empty)","duration":1.897000000000162,"failureMessages":[],"meta":{}},{"ancestorTitles":["catalog browse helpers (REQ-CAT-001..003 / TASK-WSC-104)"],"fullName":"catalog browse helpers (REQ-CAT-001..003 / TASK-WSC-104) error state is retryable","status":"passed","title":"error state is retryable","duration":0.49450000000001637,"failureMessages":[],"meta":{}},{"ancestorTitles":["catalog browse helpers (REQ-CAT-001..003 / TASK-WSC-104)"],"fullName":"catalog browse helpers (REQ-CAT-001..003 / TASK-WSC-104) default filters omit industryCategory (REQ-CAT-014 / REQ-CAT-019)","status":"passed","title":"default filters omit industryCategory (REQ-CAT-014 / REQ-CAT-019)","duration":0.8335999999999331,"failureMessages":[],"meta":{}},{"ancestorTitles":["catalog browse helpers (REQ-CAT-001..003 / TASK-WSC-104)"],"fullName":"catalog browse helpers (REQ-CAT-001..003 / TASK-WSC-104) product type labels cover four types","status":"passed","title":"product type labels cover four types","duration":0.18219999999996617,"failureMessages":[],"meta":{}},{"ancestorTitles":["catalog browse helpers (REQ-CAT-001..003 / TASK-WSC-104)"],"fullName":"catalog browse helpers (REQ-CAT-001..003 / TASK-WSC-104) groupProductsByL3 sections by subcategory with counts","status":"passed","title":"groupProductsByL3 sections by subcategory with counts","duration":1.7708999999999833,"failureMessages":[],"meta":{}},{"ancestorTitles":["catalog browse helpers (REQ-CAT-001..003 / TASK-WSC-104)"],"fullName":"catalog browse helpers (REQ-CAT-001..003 / TASK-WSC-104) 909-l3-count-full-total: section count uses server totals, not loaded subset","status":"passed","title":"909-l3-count-full-total: section count uses server totals, not loaded subset","duration":0.43849999999997635,"failureMessages":[],"meta":{}},{"ancestorTitles":["catalog browse helpers (REQ-CAT-001..003 / TASK-WSC-104)"],"fullName":"catalog browse helpers (REQ-CAT-001..003 / TASK-WSC-104) groupProductsByL3 preserves filter semantics for load-more append order","status":"passed","title":"groupProductsByL3 preserves filter semantics for load-more append order","duration":0.7019999999999982,"failureMessages":[],"meta":{}},{"ancestorTitles":["catalog browse helpers (REQ-CAT-001..003 / TASK-WSC-104)"],"fullName":"catalog browse helpers (REQ-CAT-001..003 / TASK-WSC-104) groupProductsByL3 puts all unmounted products into single 「未分类数据」 section","status":"passed","title":"groupProductsByL3 puts all unmounted products into single 「未分类数据」 section","duration":0.5942999999999756,"failureMessages":[],"meta":{}},{"ancestorTitles":["categoryPathFromFilters (REQ-CAT-014)"],"fullName":"categoryPathFromFilters (REQ-CAT-014) maps l1-only, l1+l2, and empty","status":"passed","title":"maps l1-only, l1+l2, and empty","duration":0.38439999999991414,"failureMessages":[],"meta":{}},{"ancestorTitles":["isNearScrollBottom (REQ-UX-004 / TASK-WSC-305)"],"fullName":"isNearScrollBottom (REQ-UX-004 / TASK-WSC-305) returns true when remaining scroll distance is below threshold","status":"passed","title":"returns true when remaining scroll distance is below threshold","duration":0.18260000000009313,"failureMessages":[],"meta":{}},{"ancestorTitles":["isNearScrollBottom (REQ-UX-004 / TASK-WSC-305)"],"fullName":"isNearScrollBottom (REQ-UX-004 / TASK-WSC-305) returns false when still far from bottom","status":"passed","title":"returns false when still far from bottom","duration":0.08829999999989013,"failureMessages":[],"meta":{}},{"ancestorTitles":["isNearScrollBottom (REQ-UX-004 / TASK-WSC-305)"],"fullName":"isNearScrollBottom (REQ-UX-004 / TASK-WSC-305) uses default threshold of 80 (strict less-than)","status":"passed","title":"uses default threshold of 80 (strict less-than)","duration":0.09050000000002001,"failureMessages":[],"meta":{}},{"ancestorTitles":["auto-fill when list does not overflow (FIND-WSC-305-R1-001)"],"fullName":"auto-fill when list does not overflow (FIND-WSC-305-R1-001) needsMoreContentToScroll when content shorter than pane","status":"passed","title":"needsMoreContentToScroll when content shorter than pane","duration":0.13289999999983593,"failureMessages":[],"meta":{}},{"ancestorTitles":["auto-fill when list does not overflow (FIND-WSC-305-R1-001)"],"fullName":"auto-fill when list does not overflow (FIND-WSC-305-R1-001) shouldAutoLoadMore gates on hasMore / loading / ready / overflow","status":"passed","title":"shouldAutoLoadMore gates on hasMore / loading / ready / overflow","duration":0.1675999999999931,"failureMessages":[],"meta":{}},{"ancestorTitles":["auto-fill when list does not overflow (FIND-WSC-305-R1-001)"],"fullName":"auto-fill when list does not overflow (FIND-WSC-305-R1-001) fillUntilScrollable keeps loading until scrollable or !hasMore","status":"passed","title":"fillUntilScrollable keeps loading until scrollable or !hasMore","duration":0.6209999999998672,"failureMessages":[],"meta":{}},{"ancestorTitles":["auto-fill when list does not overflow (FIND-WSC-305-R1-001)"],"fullName":"auto-fill when list does not overflow (FIND-WSC-305-R1-001) fillUntilScrollable stops when hasMore becomes false before overflow","status":"passed","title":"fillUntilScrollable stops when hasMore becomes false before overflow","duration":0.5029999999999291,"failureMessages":[],"meta":{}},{"ancestorTitles":["auto-fill when list does not overflow (FIND-WSC-305-R1-001)"],"fullName":"auto-fill when list does not overflow (FIND-WSC-305-R1-001) fillUntilScrollable stops on stagnation and respects maxPages","status":"passed","title":"fillUntilScrollable stops on stagnation and respects maxPages","duration":1.0061000000000604,"failureMessages":[],"meta":{}},{"ancestorTitles":["useCatalogBrowse loadMore / hasMore (REQ-CAT-001 / REQ-UX-004)"],"fullName":"useCatalogBrowse loadMore / hasMore (REQ-CAT-001 / REQ-UX-004) hasMore is true when loaded count < total; loadMore appends next page","status":"passed","title":"hasMore is true when loaded count < total; loadMore appends next page","duration":4.887699999999995,"failureMessages":[],"meta":{}},{"ancestorTitles":["useCatalogBrowse loadMore / hasMore (REQ-CAT-001 / REQ-UX-004)"],"fullName":"useCatalogBrowse loadMore / hasMore (REQ-CAT-001 / REQ-UX-004) loadMore is a no-op when !hasMore or already loadingMore","status":"passed","title":"loadMore is a no-op when !hasMore or already loadingMore","duration":0.7170999999998457,"failureMessages":[],"meta":{}},{"ancestorTitles":["useCatalogBrowse loadMore / hasMore (REQ-CAT-001 / REQ-UX-004)"],"fullName":"useCatalogBrowse loadMore / hasMore (REQ-CAT-001 / REQ-UX-004) loadMore dedupes overlapping ids on append","status":"passed","title":"loadMore dedupes overlapping ids on append","duration":0.6120999999998276,"failureMessages":[],"meta":{}},{"ancestorTitles":["TASK-WSC-909 l3Counts (HOTFIX)"],"fullName":"TASK-WSC-909 l3Counts (HOTFIX) 909-l3-count-full-total: loadMore does not inflate section count","status":"passed","title":"909-l3-count-full-total: loadMore does not inflate section count","duration":1.1618999999998323,"failureMessages":[],"meta":{}},{"ancestorTitles":["TASK-WSC-901 browse query (REQ-CAT-014 / REQ-CAT-019)"],"fullName":"TASK-WSC-901 browse query (REQ-CAT-014 / REQ-CAT-019) 901-no-industryCategory-query: listProducts never sends industryCategory or enterpriseName","status":"passed","title":"901-no-industryCategory-query: listProducts never sends industryCategory or enterpriseName","duration":1.3379999999999654,"failureMessages":[],"meta":{}},{"ancestorTitles":["TASK-WSC-901 browse query (REQ-CAT-014 / REQ-CAT-019)"],"fullName":"TASK-WSC-901 browse query (REQ-CAT-014 / REQ-CAT-019) 901-no-industryCategory-query ('catalog' mode): query omits industryCategory","status":"passed","title":"901-no-industryCategory-query ('catalog' mode): query omits industryCategory","duration":0.4478999999998905,"failureMessages":[],"meta":{}},{"ancestorTitles":["TASK-WSC-901 browse query (REQ-CAT-014 / REQ-CAT-019)"],"fullName":"TASK-WSC-901 browse query (REQ-CAT-014 / REQ-CAT-019) 901-no-industryCategory-query ('mine' mode): query omits industryCategory","status":"passed","title":"901-no-industryCategory-query ('mine' mode): query omits industryCategory","duration":0.3650000000000091,"failureMessages":[],"meta":{}},{"ancestorTitles":["TASK-WSC-901 browse query (REQ-CAT-014 / REQ-CAT-019)"],"fullName":"TASK-WSC-901 browse query (REQ-CAT-014 / REQ-CAT-019) 901-cascader-l1-l2-clear: L1 only sends l1CategoryId without l2CategoryId","status":"passed","title":"901-cascader-l1-l2-clear: L1 only sends l1CategoryId without l2CategoryId","duration":0.991800000000012,"failureMessages":[],"meta":{}},{"ancestorTitles":["TASK-WSC-901 browse query (REQ-CAT-014 / REQ-CAT-019)"],"fullName":"TASK-WSC-901 browse query (REQ-CAT-014 / REQ-CAT-019) 901-cascader-l1-l2-clear: L1+L2 sends both category ids","status":"passed","title":"901-cascader-l1-l2-clear: L1+L2 sends both category ids","duration":0.7783000000001721,"failureMessages":[],"meta":{}},{"ancestorTitles":["TASK-WSC-901 browse query (REQ-CAT-014 / REQ-CAT-019)"],"fullName":"TASK-WSC-901 browse query (REQ-CAT-014 / REQ-CAT-019) 901-cascader-l1-l2-clear: clear removes l1 and l2 from query","status":"passed","title":"901-cascader-l1-l2-clear: clear removes l1 and l2 from query","duration":0.659900000000107,"failureMessages":[],"meta":{}},{"ancestorTitles":["TASK-WSC-901 browse query (REQ-CAT-014 / REQ-CAT-019)"],"fullName":"TASK-WSC-901 browse query (REQ-CAT-014 / REQ-CAT-019) 901-cascader-l1-l2-clear ('catalog' mode): cascader boundaries","status":"passed","title":"901-cascader-l1-l2-clear ('catalog' mode): cascader boundaries","duration":1.0762999999999465,"failureMessages":[],"meta":{}},{"ancestorTitles":["TASK-WSC-901 browse query (REQ-CAT-014 / REQ-CAT-019)"],"fullName":"TASK-WSC-901 browse query (REQ-CAT-014 / REQ-CAT-019) 901-cascader-l1-l2-clear ('mine' mode): cascader boundaries","status":"passed","title":"901-cascader-l1-l2-clear ('mine' mode): cascader boundaries","duration":0.7135000000000673,"failureMessages":[],"meta":{}},{"ancestorTitles":["TASK-WSC-901 browse query (REQ-CAT-014 / REQ-CAT-019)"],"fullName":"TASK-WSC-901 browse query (REQ-CAT-014 / REQ-CAT-019) supplierName still sent on applyFilters (REQ-CAT-012)","status":"passed","title":"supplierName still sent on applyFilters (REQ-CAT-012)","duration":0.31780000000003383,"failureMessages":[],"meta":{}},{"ancestorTitles":["TASK-WSC-901 browse query (REQ-CAT-014 / REQ-CAT-019)"],"fullName":"TASK-WSC-901 browse query (REQ-CAT-014 / REQ-CAT-019) resetFilters clears category path and reloads","status":"passed","title":"resetFilters clears category path and reloads","duration":0.46469999999999345,"failureMessages":[],"meta":{}},{"ancestorTitles":["§3.6 sensitive id truncate (browse)"],"fullName":"§3.6 sensitive id truncate (browse) truncates long credit code with ellipsis","status":"passed","title":"truncates long credit code with ellipsis","duration":0.8773000000001048,"failureMessages":[],"meta":{}},{"ancestorTitles":["useCatalogBrowse mine reactivity (FIND-WSC-603-R1-001)"],"fullName":"useCatalogBrowse mine reactivity (FIND-WSC-603-R1-001) catalog↔my-products: listProducts query gains/drops mine=true when mine ref toggles","status":"passed","title":"catalog↔my-products: listProducts query gains/drops mine=true when mine ref toggles","duration":2.0756000000001222,"failureMessages":[],"meta":{}},{"ancestorTitles":["useCatalogBrowse mine reactivity (FIND-WSC-603-R1-001)"],"fullName":"useCatalogBrowse mine reactivity (FIND-WSC-603-R1-001) accepts computed mine (CatalogBrowsePage mode prop path)","status":"passed","title":"accepts computed mine (CatalogBrowsePage mode prop path)","duration":1.7770000000000437,"failureMessages":[],"meta":{}},{"ancestorTitles":["useCatalogBrowse mine reactivity (FIND-WSC-603-R1-001)"],"fullName":"useCatalogBrowse mine reactivity (FIND-WSC-603-R1-001) plain boolean mine=true still sends mine on load (compat)","status":"passed","title":"plain boolean mine=true still sends mine on load (compat)","duration":0.5990999999999076,"failureMessages":[],"meta":{}}],"startTime":1786955234610,"endTime":1786955234641.777,"status":"passed","message":"","name":"C:/WorkSpace/AI-SEP/frontend/src/features/catalog/browse/composables/useCatalogBrowse.spec.ts"},{"assertionResults":[{"ancestorTitles":["CirculationSeatMap (TASK-WSC-604 / REQ-CAT-009)"],"fullName":"CirculationSeatMap (TASK-WSC-604 / REQ-CAT-009) Top5 truncate + proportion seats + real total via getL2Distribution","status":"passed","title":"Top5 truncate + proportion seats + real total via getL2Distribution","duration":1.741899999999987,"failureMessages":[],"meta":{}},{"ancestorTitles":["CirculationSeatMap (TASK-WSC-604 / REQ-CAT-009)"],"fullName":"CirculationSeatMap (TASK-WSC-604 / REQ-CAT-009) hover dims others (opacity cap) + mouseleave restores","status":"passed","title":"hover dims others (opacity cap) + mouseleave restores","duration":0.4189000000000078,"failureMessages":[],"meta":{}},{"ancestorTitles":["CirculationSeatMap (TASK-WSC-604 / REQ-CAT-009)"],"fullName":"CirculationSeatMap (TASK-WSC-604 / REQ-CAT-009) empty + loading + error states are readable","status":"passed","title":"empty + loading + error states are readable","duration":0.21879999999998745,"failureMessages":[],"meta":{}},{"ancestorTitles":["CirculationSeatMap (TASK-WSC-604 / REQ-CAT-009)"],"fullName":"CirculationSeatMap (TASK-WSC-604 / REQ-CAT-009) no click-filter affordance: legend chips are not buttons / no @click","status":"passed","title":"no click-filter affordance: legend chips are not buttons / no @click","duration":0.36369999999999436,"failureMessages":[],"meta":{}},{"ancestorTitles":["CirculationSeatMap (TASK-WSC-604 / REQ-CAT-009)"],"fullName":"CirculationSeatMap (TASK-WSC-604 / REQ-CAT-009) mount contract: only catalog showSeatMap=true; mine false","status":"passed","title":"mount contract: only catalog showSeatMap=true; mine false","duration":0.19700000000000273,"failureMessages":[],"meta":{}},{"ancestorTitles":["CirculationSeatMap (TASK-WSC-604 / REQ-CAT-009)"],"fullName":"CirculationSeatMap (TASK-WSC-604 / REQ-CAT-009) prelandReconcile_604: directory card layer + seat-map root testid","status":"passed","title":"prelandReconcile_604: directory card layer + seat-map root testid","duration":0.17470000000002983,"failureMessages":[],"meta":{}},{"ancestorTitles":["CirculationSeatMap (TASK-WSC-902 / REQ-CAT-015 / REQ-CAT-018)"],"fullName":"CirculationSeatMap (TASK-WSC-902 / REQ-CAT-015 / REQ-CAT-018) 902-seatmap-l1-dropdown: title row + L1 Select default 全部 + l1CategoryId query","status":"passed","title":"902-seatmap-l1-dropdown: title row + L1 Select default 全部 + l1CategoryId query","duration":0.2857999999999947,"failureMessages":[],"meta":{}},{"ancestorTitles":["CirculationSeatMap (TASK-WSC-902 / REQ-CAT-015 / REQ-CAT-018)"],"fullName":"CirculationSeatMap (TASK-WSC-902 / REQ-CAT-015 / REQ-CAT-018) 909-seatmap-title-center: h2 centered on card; L1 stays right and does not shift title","status":"passed","title":"909-seatmap-title-center: h2 centered on card; L1 stays right and does not shift title","duration":0.39809999999999945,"failureMessages":[],"meta":{}},{"ancestorTitles":["CirculationSeatMap (TASK-WSC-902 / REQ-CAT-015 / REQ-CAT-018)"],"fullName":"CirculationSeatMap (TASK-WSC-902 / REQ-CAT-015 / REQ-CAT-018) 902-no-enterprise-filter: no enterprise UI or query params","status":"passed","title":"902-no-enterprise-filter: no enterprise UI or query params","duration":0.3211000000000013,"failureMessages":[],"meta":{}},{"ancestorTitles":["CirculationSeatMap (TASK-WSC-902 / REQ-CAT-015 / REQ-CAT-018)"],"fullName":"CirculationSeatMap (TASK-WSC-902 / REQ-CAT-015 / REQ-CAT-018) does not couple to browse Cascader state","status":"passed","title":"does not couple to browse Cascader state","duration":0.22939999999994143,"failureMessages":[],"meta":{}},{"ancestorTitles":["CirculationSeatMap (TASK-WSC-902 / REQ-CAT-015 / REQ-CAT-018)"],"fullName":"CirculationSeatMap (TASK-WSC-902 / REQ-CAT-015 / REQ-CAT-018) L1 switch triggers reload with loading preserved","status":"passed","title":"L1 switch triggers reload with loading preserved","duration":0.18680000000006203,"failureMessages":[],"meta":{}},{"ancestorTitles":["CirculationSeatMap (TASK-WSC-902 / REQ-CAT-015 / REQ-CAT-018)"],"fullName":"CirculationSeatMap (TASK-WSC-902 / REQ-CAT-015 / REQ-CAT-018) totalProducts uses API total for selected L1 subset","status":"passed","title":"totalProducts uses API total for selected L1 subset","duration":0.16300000000001091,"failureMessages":[],"meta":{}},{"ancestorTitles":["CirculationSeatMap (TASK-WSC-902 / REQ-CAT-015 / REQ-CAT-018)"],"fullName":"CirculationSeatMap (TASK-WSC-902 / REQ-CAT-015 / REQ-CAT-018) cross-enterprise parity: full-chain fetch has no session/enterprise params","status":"passed","title":"cross-enterprise parity: full-chain fetch has no session/enterprise params","duration":0.5878000000000156,"failureMessages":[],"meta":{}},{"ancestorTitles":["CirculationSeatMap (TASK-WSC-902 / REQ-CAT-015 / REQ-CAT-018)"],"fullName":"CirculationSeatMap (TASK-WSC-902 / REQ-CAT-015 / REQ-CAT-018) token mapping for L1 Select (§1.5)","status":"passed","title":"token mapping for L1 Select (§1.5)","duration":0.37360000000001037,"failureMessages":[],"meta":{}}],"startTime":1786955234298,"endTime":1786955234304.3735,"status":"passed","message":"","name":"C:/WorkSpace/AI-SEP/frontend/src/features/catalog/browse/components/CirculationSeatMap.spec.ts"}]}